make all --print-data-base --no-builtin-variables --no-builtin-rules --question
# GNU Make 3.81
# Copyright (C) 2006  Free Software Foundation, Inc.
# This is free software; see the source for copying conditions.
# There is NO warranty; not even for MERCHANTABILITY or FITNESS FOR A
# PARTICULAR PURPOSE.

# This program built for i386-apple-darwin11.3.0
 

# Make data base, printed on Sun Aug 28 16:45:28 2022

# Variables

# automatic
<D = $(patsubst %/,%,$(dir $<))
# automatic
?F = $(notdir $?)
# environment
ELECTRON_NO_ATTACH_CONSOLE = 1
# makefile (from `Makefile', line 6)
SRC = $(wildcard src/*.c) $(wildcard src/cglm/*.c) $(wildcard src/util/*.c) $(wildcard src/renderer/*.c) $(wildcard src/world/*.c)
# automatic
?D = $(patsubst %/,%,$(dir $?))
# automatic
@D = $(patsubst %/,%,$(dir $@))
# makefile (from `Makefile', line 7)
EXE = $(SRC:.c=)
# automatic
@F = $(notdir $@)
# makefile
CURDIR := /Users/adampoper/Documents/developer/minecraft
# makefile
SHELL = /bin/sh
# environment
VSCODE_NLS_CONFIG = {"locale":"en-us","availableLanguages":{},"_languagePackSupport":true}
# environment
_ = /usr/bin/make
# makefile (from `Makefile', line 2)
CFLAGS = -g -Wall -lglfw -framework OpenGL
# makefile (from `Makefile', line 1)
MAKEFILE_LIST :=  Makefile
# environment
__CFBundleIdentifier = com.microsoft.VSCode
# environment
VSCODE_CWD = /Users/adampoper/Documents/developer/minecraft
# environment
PATH = /Users/adampoper/opt/anaconda3/bin:/Users/adampoper/opt/anaconda3/condabin:/Library/Frameworks/Python.framework/Versions/3.9/bin:/usr/local/bin:/usr/bin:/bin:/usr/sbin:/sbin:/Library/Apple/usr/bin
# environment
ELECTRON_RUN_AS_NODE = 1
# default
.FEATURES := target-specific order-only second-expansion else-if archives jobserver check-symlink
# environment
SSH_AUTH_SOCK = /private/tmp/com.apple.launchd.uFHfC4hzfQ/Listeners
# automatic
%F = $(notdir $%)
# environment
CONDA_EXE = /Users/adampoper/opt/anaconda3/bin/conda
# environment
PWD = /Users/adampoper/Documents/developer/minecraft
# environment
ORIGINAL_XDG_CURRENT_DESKTOP = undefined
# environment
VSCODE_AMD_ENTRYPOINT = vs/workbench/api/node/extensionHostProcess
# environment
HOME = /Users/adampoper
# default
MAKEFILEPATH = $(shell /usr/bin/xcode-select -print-path 2>/dev/null || echo /Developer)/Makefiles
# environment
VSCODE_CLI = 1
# environment
VSCODE_CODE_CACHE_PATH = /Users/adampoper/Library/Application Support/Code/CachedData/e4503b30fc78200f846c62cf8091b76ff5547662
# environment
LOGNAME = adampoper
# environment
APPLICATION_INSIGHTS_NO_DIAGNOSTIC_CHANNEL = true
# environment
CONDA_PROMPT_MODIFIER = (base) 
# environment
VSCODE_HANDLES_UNCAUGHT_ERRORS = true
# automatic
^D = $(patsubst %/,%,$(dir $^))
# environment
CONDA_DEFAULT_ENV = base
# environment
XPC_FLAGS = 0x0
# default
MAKE = $(MAKE_COMMAND)
# default
MAKECMDGOALS := all
# environment
SHLVL = 3
# makefile (from `Makefile', line 1)
CC = gcc
# default
MAKE_VERSION := 3.81
# environment
USER = adampoper
# makefile
.DEFAULT_GOAL := all
# environment
TERM_SESSION_ID = F928995B-B00B-4192-87A3-879A62B7C2C7
# automatic
%D = $(patsubst %/,%,$(dir $%))
# environment
CONDA_SHLVL = 1
# default
MAKE_COMMAND := /Library/Developer/CommandLineTools/usr/bin/make
# makefile (from `Makefile', line 4)
INC = -I/usr/local/include -Idependencies/include
# environment
TERM_PROGRAM = Apple_Terminal
# default
.VARIABLES := 
# environment
TMPDIR = /var/folders/9b/dxmx76g17q72c8w69lxpvlz80000gn/T/
# automatic
*F = $(notdir $*)
# environment
VSCODE_IPC_HOOK = /Users/adampoper/Library/Application Support/Code/1.70.2-main.sock
# environment
MallocNanoZone = 0
# makefile
MAKEFLAGS = Rrqp
# environment
MFLAGS = -Rrqp
# automatic
*D = $(patsubst %/,%,$(dir $*))
# environment
TERM_PROGRAM_VERSION = 445
# environment
XPC_SERVICE_NAME = application.com.microsoft.VSCode.24699175.24699181.E7B60BC2-FB7E-4CEE-8344-603AE92AF1EA
# automatic
+D = $(patsubst %/,%,$(dir $+))
# automatic
+F = $(notdir $+)
# environment
__CF_USER_TEXT_ENCODING = 0x1F5:0x0:0x0
# environment
COMMAND_MODE = unix2003
# default
MAKEFILES := 
# automatic
<F = $(notdir $<)
# environment
LC_ALL = C
# environment
CONDA_PYTHON_EXE = /Users/adampoper/opt/anaconda3/bin/python
# automatic
^F = $(notdir $^)
# default
SUFFIXES := 
# environment
_CE_M = 
# default
.INCLUDE_DIRS = /usr/local/include
# environment
MAKELEVEL := 0
# environment
CONDA_PREFIX = /Users/adampoper/opt/anaconda3
# environment
TERM = xterm-256color
# environment
VSCODE_PID = 658
# environment
_CE_CONDA = 
# environment
LANG = C
# variable set hash-table stats:
# Load=77/1024=8%, Rehash=0, Collisions=2/108=2%

# Pattern-specific Variable Values

# No pattern-specific variable values.

# Directories

# . (device 16777220, inode 24505082): 10 files, no impossibilities.
# src/renderer (device 16777220, inode 24521543): 17 files, no impossibilities.
# src/world (device 16777220, inode 24852292): 7 files, no impossibilities.
# src (device 16777220, inode 24506386): 9 files, no impossibilities.
# src/cglm (device 16777220, inode 24506405): 3 files, no impossibilities.
# src/util (device 16777220, inode 24506632): 8 files, no impossibilities.

# 54 files, no impossibilities in 6 directories.

# Implicit Rules

# No implicit rules.

# Files

# Not a target:
src/renderer/textureAtlas.c:
#  Implicit rule search has been done.
#  Last modified 2022-08-21 14:23:00
#  File has been updated.
#  Successfully updated.
# variable set hash-table stats:
# Load=0/32=0%, Rehash=0, Collisions=0/0=0%

# Not a target:
src/renderer/vertexArray.c:
#  Implicit rule search has been done.
#  Last modified 2022-08-12 22:24:29
#  File has been updated.
#  Successfully updated.
# variable set hash-table stats:
# Load=0/32=0%, Rehash=0, Collisions=0/0=0%

# Not a target:
src/renderer/shader.c:
#  Implicit rule search has been done.
#  Last modified 2022-08-12 20:03:52
#  File has been updated.
 
#  Successfully updated.
# variable set hash-table stats:
# Load=0/32=0%, Rehash=0, Collisions=0/0=0%

all: everything
#  Command-line target.
#  Implicit rule search has been done.
#  File does not exist.
#  File has been updated.
#  Needs to be updated (-q is set).
# variable set hash-table stats:
# Load=0/32=0%, Rehash=0, Collisions=0/6=0%

# Not a target:
src/util/fpsCounter.c:
#  Implicit rule search has been done.
#  Last modified 2022-08-12 20:00:41
#  File has been updated.
#  Successfully updated.
# variable set hash-table stats:
# Load=0/32=0%, Rehash=0, Collisions=0/0=0%

everything: src/glad.c src/main.c src/stb_image.c src/util/fpsCounter.c src/util/perlinNoise.c src/util/timestep.c src/renderer/buffer.c src/renderer/camera.c src/renderer/renderer.c src/renderer/shader.c src/renderer/textureAtlas.c src/renderer/vertexArray.c src/renderer/window.c src/world/block.c src/world/world.c
#  Implicit rule search has not been done.
#  Implicit/static pattern stem: `'
#  File does not exist.
#  File has been updated.
#  Needs to be updated (-q is set).
# automatic
# @ := everything
# automatic
# % := 
# automatic
# * := 
# automatic
# + := src/glad.c src/main.c src/stb_image.c src/util/fpsCounter.c src/util/perlinNoise.c src/util/timestep.c src/renderer/buffer.c src/renderer/camera.c src/renderer/renderer.c src/renderer/shader.c src/renderer/textureAtlas.c src/renderer/vertexArray.c src/renderer/window.c src/world/block.c src/world/world.c
# automatic
# | := 
# automatic
# < := src/glad.c
# automatic
# ^ := src/glad.c src/main.c src/stb_image.c src/util/fpsCounter.c src/util/perlinNoise.c src/util/timestep.c src/renderer/buffer.c src/renderer/camera.c src/renderer/renderer.c src/renderer/shader.c src/renderer/textureAtlas.c src/renderer/vertexArray.c src/renderer/window.c src/world/block.c src/world/world.c
# automatic
# ? := src/glad.c src/main.c src/stb_image.c src/util/fpsCounter.c src/util/perlinNoise.c src/util/timestep.c src/renderer/buffer.c src/renderer/camera.c src/renderer/renderer.c src/renderer/shader.c src/renderer/textureAtlas.c src/renderer/vertexArray.c src/renderer/window.c src/world/block.c src/world/world.c
# variable set hash-table stats:
# Load=8/32=25%, Rehash=0, Collisions=3/14=21%
#  commands to execute (from `Makefile', line 12):
	$(CC) $(CFLAGS) $(INC) -o run $(SRC)
	

# Not a target:
src/renderer/buffer.c:
#  Implicit rule search has been done.
#  Last modified 2022-08-14 11:20:31
#  File has been updated.
#  Successfully updated.
# variable set hash-table stats:
# Load=0/32=0%, Rehash=0, Collisions=0/0=0%

# Not a target:
.SUFFIXES:
#  Implicit rule search has not been done.
#  Modification time never checked.
#  File has not been updated.

# Not a target:
Makefile:
#  Implicit rule search has been done.
#  Last modified 2022-08-23 19:18:45
#  File has been updated.
#  Successfully updated.
# variable set hash-table stats:
# Load=0/32=0%, Rehash=0, Collisions=0/0=0%

# Not a target:
src/renderer/camera.c:
#  Implicit rule search has been done.
#  Last modified 2022-08-23 19:18:45
#  File has been updated.
#  Successfully updated.
# variable set hash-table stats:
# Load=0/32=0%, Rehash=0, Collisions=0/0=0%

# Not a target:
src/glad.c:
#  Implicit rule search has been done.
#  Last modified 2022-08-12 20:03:04
#  File has been updated.
#  Successfully updated.
# variable set hash-table stats:
# Load=0/32=0%, Rehash=0, Collisions=0/0=0%

# Not a target:
src/stb_image.c:
#  Implicit rule search has been done.
#  Last modified 2022-08-12 20:08:49
#  File has been updated.
#  Successfully updated.
# variable set hash-table stats:
# Load=0/32=0%, Rehash=0, Collisions=0/0=0%

# Not a target:
src/main.c:
#  Implicit rule search has been done.
#  Last modified 2022-08-23 20:36:41
#  File has been updated.
#  Successfully updated.
# variable set hash-table stats:
# Load=0/32=0%, Rehash=0, Collisions=0/0=0%

# Not a target:
src/util/timestep.c:
#  Implicit rule search has been done.
#  Last modified 2022-08-23 20:10:54
#  File has been updated.
#  Successfully updated.
# variable set hash-table stats:
# Load=0/32=0%, Rehash=0, Collisions=0/0=0%

# Not a target:
.DEFAULT:
#  Implicit rule search has not been done.
#  Modification time never checked.
#  File has not been updated.

# Not a target:
src/renderer/renderer.c:
#  Implicit rule search has been done.
#  Last modified 2022-08-21 14:23:00
#  File has been updated.
#  Successfully updated.
# variable set hash-table stats:
# Load=0/32=0%, Rehash=0, Collisions=0/0=0%

clean:
#  Implicit rule search has not been done.
#  Modification time never checked.
#  File has not been updated.
#  commands to execute (from `Makefile', line 18):
	rm run *.o
	

# Not a target:
src/renderer/window.c:
#  Implicit rule search has been done.
#  Last modified 2022-08-14 12:12:20
#  File has been updated.
#  Successfully updated.
# variable set hash-table stats:
# Load=0/32=0%, Rehash=0, Collisions=0/0=0%

# Not a target:
src/world/world.c:
#  Implicit rule search has been done.
#  Last modified 2022-08-23 20:41:28
#  File has been updated.
#  Successfully updated.
# variable set hash-table stats:
# Load=0/32=0%, Rehash=0, Collisions=0/0=0%

glad.o: src/glad.c
#  Implicit rule search has not been done.
#  Modification time never checked.
#  File has not been updated.
#  commands to execute (from `Makefile', line 15):
	$(CC) $(CFLAGS) $(INC) -c src/glad.c -o glad.o
	

# Not a target:
src/world/block.c:
#  Implicit rule search has been done.
#  Last modified 2022-08-23 20:03:22
#  File has been updated.
#  Successfully updated.
# variable set hash-table stats:
# Load=0/32=0%, Rehash=0, Collisions=0/0=0%

# Not a target:
src/util/perlinNoise.c:
#  Implicit rule search has been done.
#  Last modified 2022-08-23 19:18:45
#  File has been updated.
#  Successfully updated.
# variable set hash-table stats:
# Load=0/32=0%, Rehash=0, Collisions=0/0=0%

# files hash-table stats:
# Load=22/1024=2%, Rehash=0, Collisions=0/53=0%
# VPATH Search Paths

# No `vpath' search paths.

# No general (`VPATH' variable) search path.

# # of strings in strcache: 1
# # of strcache buffers: 1
# strcache size: total = 4096 / max = 4096 / min = 4096 / avg = 4096
# strcache free: total = 4087 / max = 4087 / min = 4087 / avg = 4087

# Finished Make data base on Sun Aug 28 16:45:28 2022

 
